<?xml version="1.0" encoding="UTF-8"?>
<!-- Generated by org.testng.reporters.JUnitReportReporter -->
<testsuite hostname="LIN-5CD5332TY2" failures="0" tests="2" name="com.runner.TestRunnerTestNG" time="37.961" errors="0" timestamp="2025-10-16T15:25:21 IST" skipped="0">
  <testcase classname="com.runner.TestRunnerTestNG" name="runScenario" time="19.672"/>
  <testcase classname="com.runner.TestRunnerTestNG" name="runScenario" time="18.289"/>
</testsuite> <!-- com.runner.TestRunnerTestNG -->
